<?xml version="1.0" encoding="UTF-8"?>
<testng-results ignored="0" total="1" passed="1" failed="0" skipped="0">
  <reporter-output>
  </reporter-output>
  <suite started-at="2023-12-21T19:09:39 IST" name="Suite" finished-at="2023-12-21T19:11:25 IST" duration-ms="105149">
    <groups>
    </groups>
    <test started-at="2023-12-21T19:09:39 IST" name="Test" finished-at="2023-12-21T19:11:25 IST" duration-ms="105149">
      <class name="tests.module1.Admin.Events_Test">
        <test-method is-config="true" signature="initializeTestBaseSetup()[pri:0, instance:tests.module1.Admin.Events_Test@723ca036]" started-at="2023-12-21T19:09:40 IST" name="initializeTestBaseSetup" finished-at="2023-12-21T19:09:45 IST" duration-ms="5388" status="PASS">
          <reporter-output>
          </reporter-output>
        </test-method> <!-- initializeTestBaseSetup -->
        <test-method is-config="true" signature="BeforeClass()[pri:0, instance:tests.module1.Admin.Events_Test@723ca036]" started-at="2023-12-21T19:09:45 IST" name="BeforeClass" finished-at="2023-12-21T19:09:45 IST" duration-ms="16" status="PASS">
          <reporter-output>
          </reporter-output>
        </test-method> <!-- BeforeClass -->
        <test-method signature="Sign_In()[pri:1, instance:tests.module1.Admin.Events_Test@723ca036]" started-at="2023-12-21T19:09:45 IST" name="Sign_In" description="Sing in via mobile number and password." finished-at="2023-12-21T19:11:24 IST" duration-ms="99452" status="PASS">
          <reporter-output>
          </reporter-output>
        </test-method> <!-- Sign_In -->
        <test-method is-config="true" signature="tearDown()[pri:0, instance:tests.module1.Admin.Events_Test@723ca036]" started-at="2023-12-21T19:11:25 IST" name="tearDown" finished-at="2023-12-21T19:11:25 IST" duration-ms="0" status="PASS">
          <reporter-output>
          </reporter-output>
        </test-method> <!-- tearDown -->
      </class> <!-- tests.module1.Admin.Events_Test -->
    </test> <!-- Test -->
  </suite> <!-- Suite -->
</testng-results>
